<?xml version="1.0" encoding="UTF-8"?>
<testsuite xmlns:xsi="http://www.w3.org/2001/XMLSchema-instance" xsi:noNamespaceSchemaLocation="https://maven.apache.org/surefire/maven-surefire-plugin/xsd/surefire-test-report-3.0.xsd" version="3.0" name="io.cucumber.junit.platform.engine.CucumberTestEngine" time="138.036" tests="2" errors="0" skipped="0" failures="0">
  <properties>
    <property name="cucumber.features" value="src/test/resources/features"/>
    <property name="surefire.includeJUnit5Engines" value="cucumber"/>
    <property name="java.specification.version" value="17"/>
    <property name="sun.cpu.isalist" value="amd64"/>
    <property name="sun.jnu.encoding" value="Cp1252"/>
    <property name="java.class.path" value="C:\Iterasys142\mydemoapp142\target\test-classes;C:\Iterasys142\mydemoapp142\target\classes;C:\Users\Junior\.m2\repository\io\appium\java-client\9.3.0\java-client-9.3.0.jar;C:\Users\Junior\.m2\repository\org\seleniumhq\selenium\selenium-api\4.27.0\selenium-api-4.27.0.jar;C:\Users\Junior\.m2\repository\org\jspecify\jspecify\1.0.0\jspecify-1.0.0.jar;C:\Users\Junior\.m2\repository\org\seleniumhq\selenium\selenium-remote-driver\4.27.0\selenium-remote-driver-4.27.0.jar;C:\Users\Junior\.m2\repository\com\google\auto\service\auto-service-annotations\1.1.1\auto-service-annotations-1.1.1.jar;C:\Users\Junior\.m2\repository\com\google\guava\guava\33.3.1-jre\guava-33.3.1-jre.jar;C:\Users\Junior\.m2\repository\com\google\guava\failureaccess\1.0.2\failureaccess-1.0.2.jar;C:\Users\Junior\.m2\repository\com\google\guava\listenablefuture\9999.0-empty-to-avoid-conflict-with-guava\listenablefuture-9999.0-empty-to-avoid-conflict-with-guava.jar;C:\Users\Junior\.m2\repository\com\google\code\findbugs\jsr305\3.0.2\jsr305-3.0.2.jar;C:\Users\Junior\.m2\repository\org\checkerframework\checker-qual\3.43.0\checker-qual-3.43.0.jar;C:\Users\Junior\.m2\repository\com\google\j2objc\j2objc-annotations\3.0.0\j2objc-annotations-3.0.0.jar;C:\Users\Junior\.m2\repository\io\opentelemetry\semconv\opentelemetry-semconv\1.25.0-alpha\opentelemetry-semconv-1.25.0-alpha.jar;C:\Users\Junior\.m2\repository\io\opentelemetry\opentelemetry-api\1.44.1\opentelemetry-api-1.44.1.jar;C:\Users\Junior\.m2\repository\io\opentelemetry\opentelemetry-context\1.44.1\opentelemetry-context-1.44.1.jar;C:\Users\Junior\.m2\repository\io\opentelemetry\opentelemetry-exporter-logging\1.44.1\opentelemetry-exporter-logging-1.44.1.jar;C:\Users\Junior\.m2\repository\io\opentelemetry\opentelemetry-sdk-common\1.44.1\opentelemetry-sdk-common-1.44.1.jar;C:\Users\Junior\.m2\repository\io\opentelemetry\opentelemetry-sdk-extension-autoconfigure-spi\1.44.1\opentelemetry-sdk-extension-autoconfigure-spi-1.44.1.jar;C:\Users\Junior\.m2\repository\io\opentelemetry\opentelemetry-sdk-extension-autoconfigure\1.44.1\opentelemetry-sdk-extension-autoconfigure-1.44.1.jar;C:\Users\Junior\.m2\repository\io\opentelemetry\opentelemetry-api-incubator\1.44.1-alpha\opentelemetry-api-incubator-1.44.1-alpha.jar;C:\Users\Junior\.m2\repository\io\opentelemetry\opentelemetry-sdk-trace\1.44.1\opentelemetry-sdk-trace-1.44.1.jar;C:\Users\Junior\.m2\repository\io\opentelemetry\opentelemetry-sdk\1.44.1\opentelemetry-sdk-1.44.1.jar;C:\Users\Junior\.m2\repository\io\opentelemetry\opentelemetry-sdk-metrics\1.44.1\opentelemetry-sdk-metrics-1.44.1.jar;C:\Users\Junior\.m2\repository\io\opentelemetry\opentelemetry-sdk-logs\1.44.1\opentelemetry-sdk-logs-1.44.1.jar;C:\Users\Junior\.m2\repository\net\bytebuddy\byte-buddy\1.15.10\byte-buddy-1.15.10.jar;C:\Users\Junior\.m2\repository\org\seleniumhq\selenium\selenium-http\4.27.0\selenium-http-4.27.0.jar;C:\Users\Junior\.m2\repository\dev\failsafe\failsafe\3.3.2\failsafe-3.3.2.jar;C:\Users\Junior\.m2\repository\org\seleniumhq\selenium\selenium-json\4.27.0\selenium-json-4.27.0.jar;C:\Users\Junior\.m2\repository\org\seleniumhq\selenium\selenium-manager\4.27.0\selenium-manager-4.27.0.jar;C:\Users\Junior\.m2\repository\org\seleniumhq\selenium\selenium-os\4.27.0\selenium-os-4.27.0.jar;C:\Users\Junior\.m2\repository\org\apache\commons\commons-exec\1.4.0\commons-exec-1.4.0.jar;C:\Users\Junior\.m2\repository\org\seleniumhq\selenium\selenium-support\4.27.0\selenium-support-4.27.0.jar;C:\Users\Junior\.m2\repository\com\google\code\gson\gson\2.11.0\gson-2.11.0.jar;C:\Users\Junior\.m2\repository\com\google\errorprone\error_prone_annotations\2.27.0\error_prone_annotations-2.27.0.jar;C:\Users\Junior\.m2\repository\org\slf4j\slf4j-api\2.0.13\slf4j-api-2.0.13.jar;C:\Users\Junior\.m2\repository\org\junit\jupiter\junit-jupiter-api\5.11.3\junit-jupiter-api-5.11.3.jar;C:\Users\Junior\.m2\repository\org\opentest4j\opentest4j\1.3.0\opentest4j-1.3.0.jar;C:\Users\Junior\.m2\repository\org\junit\platform\junit-platform-commons\1.11.3\junit-platform-commons-1.11.3.jar;C:\Users\Junior\.m2\repository\org\apiguardian\apiguardian-api\1.1.2\apiguardian-api-1.1.2.jar;C:\Users\Junior\.m2\repository\org\hamcrest\hamcrest\3.0\hamcrest-3.0.jar;C:\Users\Junior\.m2\repository\io\cucumber\cucumber-java\7.20.1\cucumber-java-7.20.1.jar;C:\Users\Junior\.m2\repository\io\cucumber\cucumber-core\7.20.1\cucumber-core-7.20.1.jar;C:\Users\Junior\.m2\repository\io\cucumber\cucumber-gherkin\7.20.1\cucumber-gherkin-7.20.1.jar;C:\Users\Junior\.m2\repository\io\cucumber\cucumber-gherkin-messages\7.20.1\cucumber-gherkin-messages-7.20.1.jar;C:\Users\Junior\.m2\repository\io\cucumber\gherkin\28.0.0\gherkin-28.0.0.jar;C:\Users\Junior\.m2\repository\io\cucumber\messages\24.1.0\messages-24.1.0.jar;C:\Users\Junior\.m2\repository\io\cucumber\testng-xml-formatter\0.2.0\testng-xml-formatter-0.2.0.jar;C:\Users\Junior\.m2\repository\io\cucumber\query\12.2.0\query-12.2.0.jar;C:\Users\Junior\.m2\repository\io\cucumber\tag-expressions\6.1.0\tag-expressions-6.1.0.jar;C:\Users\Junior\.m2\repository\io\cucumber\cucumber-expressions\17.1.0\cucumber-expressions-17.1.0.jar;C:\Users\Junior\.m2\repository\io\cucumber\datatable\7.20.1\datatable-7.20.1.jar;C:\Users\Junior\.m2\repository\io\cucumber\cucumber-plugin\7.20.1\cucumber-plugin-7.20.1.jar;C:\Users\Junior\.m2\repository\io\cucumber\docstring\7.20.1\docstring-7.20.1.jar;C:\Users\Junior\.m2\repository\io\cucumber\html-formatter\21.7.0\html-formatter-21.7.0.jar;C:\Users\Junior\.m2\repository\io\cucumber\junit-xml-formatter\0.5.0\junit-xml-formatter-0.5.0.jar;C:\Users\Junior\.m2\repository\io\cucumber\ci-environment\10.0.1\ci-environment-10.0.1.jar;C:\Users\Junior\.m2\repository\io\cucumber\cucumber-junit-platform-engine\7.20.1\cucumber-junit-platform-engine-7.20.1.jar;C:\Users\Junior\.m2\repository\org\junit\platform\junit-platform-engine\1.11.2\junit-platform-engine-1.11.2.jar;"/>
    <property name="java.vm.vendor" value="Oracle Corporation"/>
    <property name="sun.arch.data.model" value="64"/>
    <property name="user.variant" value=""/>
    <property name="java.vendor.url" value="https://java.oracle.com/"/>
    <property name="user.timezone" value="America/Sao_Paulo"/>
    <property name="os.name" value="Windows 10"/>
    <property name="java.vm.specification.version" value="17"/>
    <property name="sun.java.launcher" value="SUN_STANDARD"/>
    <property name="user.country" value="BR"/>
    <property name="sun.boot.library.path" value="C:\Program Files\Java\jdk-17\bin"/>
    <property name="sun.java.command" value="C:\Users\Junior\AppData\Local\Temp\surefire10992386538343392041\surefirebooter-20241224121441875_3.jar C:\Users\Junior\AppData\Local\Temp\surefire10992386538343392041 2024-12-24T12-14-40_543-jvmRun1 surefire-20241224121441875_1tmp surefire_0-20241224121441875_2tmp"/>
    <property name="jdk.debug" value="release"/>
    <property name="surefire.test.class.path" value="C:\Iterasys142\mydemoapp142\target\test-classes;C:\Iterasys142\mydemoapp142\target\classes;C:\Users\Junior\.m2\repository\io\appium\java-client\9.3.0\java-client-9.3.0.jar;C:\Users\Junior\.m2\repository\org\seleniumhq\selenium\selenium-api\4.27.0\selenium-api-4.27.0.jar;C:\Users\Junior\.m2\repository\org\jspecify\jspecify\1.0.0\jspecify-1.0.0.jar;C:\Users\Junior\.m2\repository\org\seleniumhq\selenium\selenium-remote-driver\4.27.0\selenium-remote-driver-4.27.0.jar;C:\Users\Junior\.m2\repository\com\google\auto\service\auto-service-annotations\1.1.1\auto-service-annotations-1.1.1.jar;C:\Users\Junior\.m2\repository\com\google\guava\guava\33.3.1-jre\guava-33.3.1-jre.jar;C:\Users\Junior\.m2\repository\com\google\guava\failureaccess\1.0.2\failureaccess-1.0.2.jar;C:\Users\Junior\.m2\repository\com\google\guava\listenablefuture\9999.0-empty-to-avoid-conflict-with-guava\listenablefuture-9999.0-empty-to-avoid-conflict-with-guava.jar;C:\Users\Junior\.m2\repository\com\google\code\findbugs\jsr305\3.0.2\jsr305-3.0.2.jar;C:\Users\Junior\.m2\repository\org\checkerframework\checker-qual\3.43.0\checker-qual-3.43.0.jar;C:\Users\Junior\.m2\repository\com\google\j2objc\j2objc-annotations\3.0.0\j2objc-annotations-3.0.0.jar;C:\Users\Junior\.m2\repository\io\opentelemetry\semconv\opentelemetry-semconv\1.25.0-alpha\opentelemetry-semconv-1.25.0-alpha.jar;C:\Users\Junior\.m2\repository\io\opentelemetry\opentelemetry-api\1.44.1\opentelemetry-api-1.44.1.jar;C:\Users\Junior\.m2\repository\io\opentelemetry\opentelemetry-context\1.44.1\opentelemetry-context-1.44.1.jar;C:\Users\Junior\.m2\repository\io\opentelemetry\opentelemetry-exporter-logging\1.44.1\opentelemetry-exporter-logging-1.44.1.jar;C:\Users\Junior\.m2\repository\io\opentelemetry\opentelemetry-sdk-common\1.44.1\opentelemetry-sdk-common-1.44.1.jar;C:\Users\Junior\.m2\repository\io\opentelemetry\opentelemetry-sdk-extension-autoconfigure-spi\1.44.1\opentelemetry-sdk-extension-autoconfigure-spi-1.44.1.jar;C:\Users\Junior\.m2\repository\io\opentelemetry\opentelemetry-sdk-extension-autoconfigure\1.44.1\opentelemetry-sdk-extension-autoconfigure-1.44.1.jar;C:\Users\Junior\.m2\repository\io\opentelemetry\opentelemetry-api-incubator\1.44.1-alpha\opentelemetry-api-incubator-1.44.1-alpha.jar;C:\Users\Junior\.m2\repository\io\opentelemetry\opentelemetry-sdk-trace\1.44.1\opentelemetry-sdk-trace-1.44.1.jar;C:\Users\Junior\.m2\repository\io\opentelemetry\opentelemetry-sdk\1.44.1\opentelemetry-sdk-1.44.1.jar;C:\Users\Junior\.m2\repository\io\opentelemetry\opentelemetry-sdk-metrics\1.44.1\opentelemetry-sdk-metrics-1.44.1.jar;C:\Users\Junior\.m2\repository\io\opentelemetry\opentelemetry-sdk-logs\1.44.1\opentelemetry-sdk-logs-1.44.1.jar;C:\Users\Junior\.m2\repository\net\bytebuddy\byte-buddy\1.15.10\byte-buddy-1.15.10.jar;C:\Users\Junior\.m2\repository\org\seleniumhq\selenium\selenium-http\4.27.0\selenium-http-4.27.0.jar;C:\Users\Junior\.m2\repository\dev\failsafe\failsafe\3.3.2\failsafe-3.3.2.jar;C:\Users\Junior\.m2\repository\org\seleniumhq\selenium\selenium-json\4.27.0\selenium-json-4.27.0.jar;C:\Users\Junior\.m2\repository\org\seleniumhq\selenium\selenium-manager\4.27.0\selenium-manager-4.27.0.jar;C:\Users\Junior\.m2\repository\org\seleniumhq\selenium\selenium-os\4.27.0\selenium-os-4.27.0.jar;C:\Users\Junior\.m2\repository\org\apache\commons\commons-exec\1.4.0\commons-exec-1.4.0.jar;C:\Users\Junior\.m2\repository\org\seleniumhq\selenium\selenium-support\4.27.0\selenium-support-4.27.0.jar;C:\Users\Junior\.m2\repository\com\google\code\gson\gson\2.11.0\gson-2.11.0.jar;C:\Users\Junior\.m2\repository\com\google\errorprone\error_prone_annotations\2.27.0\error_prone_annotations-2.27.0.jar;C:\Users\Junior\.m2\repository\org\slf4j\slf4j-api\2.0.13\slf4j-api-2.0.13.jar;C:\Users\Junior\.m2\repository\org\junit\jupiter\junit-jupiter-api\5.11.3\junit-jupiter-api-5.11.3.jar;C:\Users\Junior\.m2\repository\org\opentest4j\opentest4j\1.3.0\opentest4j-1.3.0.jar;C:\Users\Junior\.m2\repository\org\junit\platform\junit-platform-commons\1.11.3\junit-platform-commons-1.11.3.jar;C:\Users\Junior\.m2\repository\org\apiguardian\apiguardian-api\1.1.2\apiguardian-api-1.1.2.jar;C:\Users\Junior\.m2\repository\org\hamcrest\hamcrest\3.0\hamcrest-3.0.jar;C:\Users\Junior\.m2\repository\io\cucumber\cucumber-java\7.20.1\cucumber-java-7.20.1.jar;C:\Users\Junior\.m2\repository\io\cucumber\cucumber-core\7.20.1\cucumber-core-7.20.1.jar;C:\Users\Junior\.m2\repository\io\cucumber\cucumber-gherkin\7.20.1\cucumber-gherkin-7.20.1.jar;C:\Users\Junior\.m2\repository\io\cucumber\cucumber-gherkin-messages\7.20.1\cucumber-gherkin-messages-7.20.1.jar;C:\Users\Junior\.m2\repository\io\cucumber\gherkin\28.0.0\gherkin-28.0.0.jar;C:\Users\Junior\.m2\repository\io\cucumber\messages\24.1.0\messages-24.1.0.jar;C:\Users\Junior\.m2\repository\io\cucumber\testng-xml-formatter\0.2.0\testng-xml-formatter-0.2.0.jar;C:\Users\Junior\.m2\repository\io\cucumber\query\12.2.0\query-12.2.0.jar;C:\Users\Junior\.m2\repository\io\cucumber\tag-expressions\6.1.0\tag-expressions-6.1.0.jar;C:\Users\Junior\.m2\repository\io\cucumber\cucumber-expressions\17.1.0\cucumber-expressions-17.1.0.jar;C:\Users\Junior\.m2\repository\io\cucumber\datatable\7.20.1\datatable-7.20.1.jar;C:\Users\Junior\.m2\repository\io\cucumber\cucumber-plugin\7.20.1\cucumber-plugin-7.20.1.jar;C:\Users\Junior\.m2\repository\io\cucumber\docstring\7.20.1\docstring-7.20.1.jar;C:\Users\Junior\.m2\repository\io\cucumber\html-formatter\21.7.0\html-formatter-21.7.0.jar;C:\Users\Junior\.m2\repository\io\cucumber\junit-xml-formatter\0.5.0\junit-xml-formatter-0.5.0.jar;C:\Users\Junior\.m2\repository\io\cucumber\ci-environment\10.0.1\ci-environment-10.0.1.jar;C:\Users\Junior\.m2\repository\io\cucumber\cucumber-junit-platform-engine\7.20.1\cucumber-junit-platform-engine-7.20.1.jar;C:\Users\Junior\.m2\repository\org\junit\platform\junit-platform-engine\1.11.2\junit-platform-engine-1.11.2.jar;"/>
    <property name="sun.cpu.endian" value="little"/>
    <property name="user.home" value="C:\Users\Junior"/>
    <property name="user.language" value="pt"/>
    <property name="java.specification.vendor" value="Oracle Corporation"/>
    <property name="java.version.date" value="2024-10-15"/>
    <property name="java.home" value="C:\Program Files\Java\jdk-17"/>
    <property name="file.separator" value="\"/>
    <property name="basedir" value="C:\Iterasys142\mydemoapp142"/>
    <property name="java.vm.compressedOopsMode" value="Zero based"/>
    <property name="line.separator" value="&#10;"/>
    <property name="java.vm.specification.vendor" value="Oracle Corporation"/>
    <property name="java.specification.name" value="Java Platform API Specification"/>
    <property name="surefire.real.class.path" value="C:\Users\Junior\AppData\Local\Temp\surefire10992386538343392041\surefirebooter-20241224121441875_3.jar"/>
    <property name="user.script" value=""/>
    <property name="sun.management.compiler" value="HotSpot 64-Bit Tiered Compilers"/>
    <property name="java.runtime.version" value="17.0.13+10-LTS-268"/>
    <property name="user.name" value="Junior"/>
    <property name="path.separator" value=";"/>
    <property name="os.version" value="10.0"/>
    <property name="java.runtime.name" value="Java(TM) SE Runtime Environment"/>
    <property name="file.encoding" value="Cp1252"/>
    <property name="java.vm.name" value="Java HotSpot(TM) 64-Bit Server VM"/>
    <property name="localRepository" value="C:\Users\Junior\.m2\repository"/>
    <property name="java.vendor.url.bug" value="https://bugreport.java.com/bugreport/"/>
    <property name="java.io.tmpdir" value="C:\Users\Junior\AppData\Local\Temp\"/>
    <property name="java.version" value="17.0.13"/>
    <property name="user.dir" value="C:\Iterasys142\mydemoapp142"/>
    <property name="os.arch" value="amd64"/>
    <property name="java.vm.specification.name" value="Java Virtual Machine Specification"/>
    <property name="sun.os.patch.level" value=""/>
    <property name="native.encoding" value="Cp1252"/>
    <property name="java.library.path" value="C:\Program Files\Java\jdk-17\bin;C:\Windows\Sun\Java\bin;C:\Windows\system32;C:\Windows;C:\Users\Junior\bin;C:\Program Files\Git\mingw64\bin;C:\Program Files\Git\usr\local\bin;C:\Program Files\Git\usr\bin;C:\Program Files\Git\usr\bin;C:\Program Files\Git\mingw64\bin;C:\Program Files\Git\usr\bin;C:\Users\Junior\bin;C:\Program Files\Common Files\Oracle\Java\javapath;C:\Users\Junior\AppData\Local\Programs\Python\Python312;C:\Program Files\dotnet;C:\Program Files\Git\cmd;C:\Windows\System32\WindowsPowerShell\v1.0;C:\Windows\System32;C:\Users\Junior\AppData\Roaming\nvm;C:\Program Files\nodejs;C:\Program Files\Docker\Docker\resources\bin;C:\Program Files\nodejs;C:\Program Files\Java\jdk-17\bin;C:\apache-maven-3.9.9\bin;C:\apache-maven-3.x.x\bin;C:\Iterasys142\chromedriver;C:\Users\Junior\AppData\Local\Programs\Python\Python312\Scripts;C:\Users\Junior\AppData\Local\Programs\Python\Python312;C:\Users\Junior\AppData\Local\Programs\Python\Launcher;C:\Iterasys140;C:\Program Files\JetBrains\IntelliJ IDEA Community Edition 2024.2.1\bin;C:\Users\Junior\.dotnet\tools;C:\Iterasys140\PetStoreRequests140;C:\Iterasys140;C:\Users\Junior\Microsoft VS Code\bin;C:\Program Files\JetBrains\PyCharm Community Edition 2024.1.2\bin;C:\msys64\ucrt64\bin;C:\Users\Junior\AppData\Roaming\nvm;C:\Program Files\nodejs;C:\Users\Junior\AppData\Roaming\npm;C:\Program Files\Git\usr\bin\vendor_perl;C:\Program Files\Git\usr\bin\core_perl;."/>
    <property name="java.vm.info" value="mixed mode, sharing"/>
    <property name="java.vendor" value="Oracle Corporation"/>
    <property name="java.vm.version" value="17.0.13+10-LTS-268"/>
    <property name="java.specification.maintenance.version" value="1"/>
    <property name="cucumber.glue" value="steps"/>
    <property name="sun.io.unicode.encoding" value="UnicodeLittle"/>
    <property name="java.class.version" value="61.0"/>
  </properties>
  <testcase name="Example #1.1" classname="Exemplos" time="71.939">
    <system-err><![CDATA[dez. 24, 2024 12:14:44 PM io.cucumber.junit.platform.engine.DiscoverySelectorResolver warnWhenCucumberFeaturesPropertyIsUsed
WARNING: Discovering tests using the cucumber.features property. Other discovery selectors are ignored!

This is a work around for the limited JUnit 5 support in Maven and Gradle. Please request/upvote/sponsor/ect better support for JUnit 5 discovery selectors. For details see: https://github.com/cucumber/cucumber-jvm/pull/2498

If you are using the JUnit 5 Suite Engine, Platform Launcher API or Console Launcher you should not use this property. Please consult the JUnit 5 documentation on test selection.
]]></system-err>
  </testcase>
  <testcase name="Example #1.2" classname="Exemplos" time="65.737"/>
</testsuite>